<?xml version="1.0" encoding="UTF-8"?>
<!-- Generated by org.testng.reporters.JUnitXMLReporter -->
<testsuite hostname="ESLDellV3" ignored="0" name="testing DataProvide Xml" tests="3" failures="0" timestamp="07 May 2018 10:25:10 GMT" time="0.51" errors="0">
  <testcase name="print" time="0.0" classname="signInAction.testpractis"/>
  <testcase name="testingDataProvider" time="0.0" classname="signInAction.testpractis"/>
  <testcase name="testingDataProvider" time="0.0" classname="signInAction.testpractis"/>
</testsuite> <!-- testing DataProvide Xml -->
