<?xml version="1.0" encoding="UTF-8"?>
<!-- Generated by org.testng.reporters.JUnitXMLReporter -->
<testsuite hostname="ESLDellV3" ignored="3" name="testing DataProvide Xml" tests="4" failures="0" timestamp="08 May 2018 10:39:50 GMT" time="0.048" errors="0">
  <testcase name="test1" time="0.004" classname="signInAction.testpractis"/>
  <testcase name="test2" time="0.002" classname="signInAction.testpractis"/>
  <testcase name="test4" time="0.001" classname="signInAction.testpractis"/>
  <testcase name="testingDataProvider" time="0.002" classname="signInAction.testpractis"/>
  <testcase name="enabletest" time="0.0" classname="signInAction.testpractis">
    <ignored/>
  </testcase> <!-- enabletest -->
  <testcase name="depends" time="0.0" classname="signInAction.testpractis">
    <ignored/>
  </testcase> <!-- depends -->
  <testcase name="test3" time="0.0" classname="signInAction.testpractis">
    <ignored/>
  </testcase> <!-- test3 -->
</testsuite> <!-- testing DataProvide Xml -->
