<?xml version="1.0" encoding="UTF-8"?>
<!-- Generated by org.testng.reporters.JUnitXMLReporter -->
<testsuite hostname="ESLDellV3" ignored="0" name="Default test" tests="3" failures="0" timestamp="07 May 2018 10:24:59 GMT" time="0.516" errors="0">
  <testcase name="print" time="0.016" classname="signInAction.testpractis"/>
  <testcase name="testingDataProvider" time="0.0" classname="signInAction.testpractis"/>
  <testcase name="testingDataProvider" time="0.0" classname="signInAction.testpractis"/>
</testsuite> <!-- Default test -->
