<?xml version="1.0" encoding="UTF-8"?>
<testng-results skipped="0" failed="0" ignored="2" total="4" passed="2">
  <reporter-output>
    <line>
      <![CDATA[Creating the object of : chrome]]>
    </line>
    <line>
      <![CDATA[Navigating to the : http://52.172.14.165/JNVUIUMS]]>
    </line>
    <line>
      <![CDATA[Clicked on IUMS Login link]]>
    </line>
    <line>
      <![CDATA[Switched to new window]]>
    </line>
    <line>
      <![CDATA[Entered userName is : erp@admin]]>
    </line>
    <line>
      <![CDATA[Entered password is : Jnvu@)!^]]>
    </line>
    <line>
      <![CDATA[User logged in to IUMS]]>
    </line>
    <line>
      <![CDATA[Clicked on Examination & Result Module]]>
    </line>
    <line>
      <![CDATA[Mouse Hover to Examination Master]]>
    </line>
    <line>
      <![CDATA[Clicked on Exam Config Master]]>
    </line>
    <line>
      <![CDATA[Session Selected]]>
    </line>
    <line>
      <![CDATA[Switched to calendar frame]]>
    </line>
    <line>
      <![CDATA[Today : May 7, 2018 is selected]]>
    </line>
    <line>
      <![CDATA[From Month Selected]]>
    </line>
    <line>
      <![CDATA[From Year Selected]]>
    </line>
    <line>
      <![CDATA[To Month Selected]]>
    </line>
    <line>
      <![CDATA[To Year Selected]]>
    </line>
    <line>
      <![CDATA[Exam Category Selected]]>
    </line>
    <line>
      <![CDATA[Is Active Selected]]>
    </line>
    <line>
      <![CDATA[Clicked on Save Button]]>
    </line>
    <line>
      <![CDATA[Driver session closed]]>
    </line>
  </reporter-output>
  <suite name="test DataProvider Xml" duration-ms="33" started-at="2018-05-07T13:03:30Z" finished-at="2018-05-07T13:03:30Z">
    <groups>
    </groups>
    <test name="testing DataProvide Xml" duration-ms="33" started-at="2018-05-07T13:03:30Z" finished-at="2018-05-07T13:03:30Z">
      <class name="signInAction.testpractis">
        <test-method status="PASS" signature="getProperties()[pri:0, instance:signInAction.testpractis@146e1f4]" name="getProperties" duration-ms="12" started-at="2018-05-07T18:33:30Z" finished-at="2018-05-07T18:33:30Z">
          <reporter-output>
          </reporter-output>
        </test-method> <!-- getProperties -->
      </class> <!-- signInAction.testpractis -->
    </test> <!-- testing DataProvide Xml -->
  </suite> <!-- test DataProvider Xml -->
  <suite name="Regression Suite" duration-ms="19843" started-at="2018-05-07T13:03:30Z" finished-at="2018-05-07T13:03:49Z">
    <groups>
    </groups>
    <test name="Login test Firefox" duration-ms="19843" started-at="2018-05-07T13:03:30Z" finished-at="2018-05-07T13:03:49Z">
      <class name="signInAction.TC_Login">
        <test-method status="PASS" signature="startTest(java.lang.String)[pri:0, instance:signInAction.TC_Login@19c0f4a]" name="startTest" is-config="true" duration-ms="4390" started-at="2018-05-07T18:33:30Z" finished-at="2018-05-07T18:33:34Z">
          <params>
            <param index="0">
              <value>
                <![CDATA[chrome]]>
              </value>
            </param>
          </params>
          <reporter-output>
            <line>
              <![CDATA[Creating the object of : chrome]]>
            </line>
            <line>
              <![CDATA[Navigating to the : http://52.172.14.165/JNVUIUMS]]>
            </line>
          </reporter-output>
        </test-method> <!-- startTest -->
        <test-method status="PASS" signature="ExamConfigMasterTest(java.lang.String, java.lang.String, java.lang.String)[pri:0, instance:signInAction.TC_Login@19c0f4a]" name="ExamConfigMasterTest" duration-ms="14292" started-at="2018-05-07T18:33:35Z" data-provider="loginData" finished-at="2018-05-07T18:33:49Z">
          <params>
            <param index="0">
              <value>
                <![CDATA[erp@admin]]>
              </value>
            </param>
            <param index="1">
              <value>
                <![CDATA[Jnvu@)!^]]>
              </value>
            </param>
            <param index="2">
              <value>
                <![CDATA[Y]]>
              </value>
            </param>
          </params>
          <reporter-output>
            <line>
              <![CDATA[Clicked on IUMS Login link]]>
            </line>
            <line>
              <![CDATA[Switched to new window]]>
            </line>
            <line>
              <![CDATA[Entered userName is : erp@admin]]>
            </line>
            <line>
              <![CDATA[Entered password is : Jnvu@)!^]]>
            </line>
            <line>
              <![CDATA[User logged in to IUMS]]>
            </line>
            <line>
              <![CDATA[Clicked on Examination & Result Module]]>
            </line>
            <line>
              <![CDATA[Mouse Hover to Examination Master]]>
            </line>
            <line>
              <![CDATA[Clicked on Exam Config Master]]>
            </line>
            <line>
              <![CDATA[Session Selected]]>
            </line>
            <line>
              <![CDATA[Switched to calendar frame]]>
            </line>
            <line>
              <![CDATA[Today : May 7, 2018 is selected]]>
            </line>
            <line>
              <![CDATA[From Month Selected]]>
            </line>
            <line>
              <![CDATA[From Year Selected]]>
            </line>
            <line>
              <![CDATA[To Month Selected]]>
            </line>
            <line>
              <![CDATA[To Year Selected]]>
            </line>
            <line>
              <![CDATA[Exam Category Selected]]>
            </line>
            <line>
              <![CDATA[Is Active Selected]]>
            </line>
            <line>
              <![CDATA[Clicked on Save Button]]>
            </line>
          </reporter-output>
        </test-method> <!-- ExamConfigMasterTest -->
        <test-method status="PASS" signature="endTest()[pri:0, instance:signInAction.TC_Login@19c0f4a]" name="endTest" is-config="true" duration-ms="668" started-at="2018-05-07T18:33:49Z" finished-at="2018-05-07T18:33:49Z">
          <reporter-output>
            <line>
              <![CDATA[Driver session closed]]>
            </line>
          </reporter-output>
        </test-method> <!-- endTest -->
      </class> <!-- signInAction.TC_Login -->
    </test> <!-- Login test Firefox -->
  </suite> <!-- Regression Suite -->
</testng-results>
