<?xml version="1.0" encoding="UTF-8"?>
<testsuite xmlns:xsi="http://www.w3.org/2001/XMLSchema-instance" xsi:schemaLocation="https://maven.apache.org/surefire/maven-surefire-plugin/xsd/surefire-test-report.xsd" name="TestSuite" time="249.757" tests="17" errors="0" skipped="8" failures="0">
  <properties>
[...]
</properties>
  <testcase name="examinationResultSanityTest" classname="ExaminationAndResultModule.SanityTest" time="6.863"/>
  <testcase name="examinationResultSanityTest" classname="ExaminationAndResultModule.SanityTest" time="0">
    <skipped message="User Marked this test as no run"/>
    <system-out><![CDATA[2018-06-12 13:37:03 INFO  SanityTest:60 - Driver session closed
2018-06-12 13:37:03 INFO  SanityTest:60 - Creating the object of : chrome
2018-06-12 13:37:05 INFO  SanityTest:60 - Navigating to the : http://52.172.14.165/JNVUIUMS
2018-06-12 13:37:08 INFO  Listner:93 - Test case examinationResultSanityTest Started
]]></system-out>
    <system-err><![CDATA[Starting ChromeDriver 2.37.544315 (730aa6a5fdba159ac9f4c1e8cbc59bf1b5ce12b7) on port 5587
Only local connections are allowed.
Jun 12, 2018 1:37:05 PM org.openqa.selenium.remote.ProtocolHandshake createSession
INFO: Detected dialect: OSS
]]></system-err>
  </testcase>
  <testcase name="examinationResultSanityTest" classname="ExaminationAndResultModule.SanityTest" time="5.168"/>
  <testcase name="examinationResultSanityTest" classname="ExaminationAndResultModule.SanityTest" time="0">
    <skipped message="User Marked this test as no run"/>
    <system-out><![CDATA[2018-06-12 13:37:20 INFO  SanityTest:60 - Driver session closed
2018-06-12 13:37:21 INFO  SanityTest:60 - Creating the object of : chrome
2018-06-12 13:37:23 INFO  SanityTest:60 - Navigating to the : http://52.172.14.165/JNVUIUMS
2018-06-12 13:37:26 INFO  Listner:93 - Test case examinationResultSanityTest Started
]]></system-out>
    <system-err><![CDATA[Starting ChromeDriver 2.37.544315 (730aa6a5fdba159ac9f4c1e8cbc59bf1b5ce12b7) on port 47653
Only local connections are allowed.
Jun 12, 2018 1:37:23 PM org.openqa.selenium.remote.ProtocolHandshake createSession
INFO: Detected dialect: OSS
]]></system-err>
  </testcase>
  <testcase name="examinationResultSanityTest" classname="ExaminationAndResultModule.SanityTest" time="6.575"/>
  <testcase name="ExamConfigMasterTest" classname="ExaminationAndResultModule.ExamConfigMaster" time="7.555"/>
  <testcase name="ExamConfigMasterTest" classname="ExaminationAndResultModule.ExamConfigMaster" time="0">
    <skipped message="User Marked this test as no run"/>
    <system-out><![CDATA[2018-06-12 13:38:16 INFO  ExamConfigMaster:95 - Driver session closed
2018-06-12 13:38:17 INFO  ExamConfigMaster:95 - Creating the object of : chrome
2018-06-12 13:38:19 INFO  ExamConfigMaster:95 - Navigating to the : http://52.172.14.165/JNVUIUMS
2018-06-12 13:38:23 INFO  Listner:93 - Test case ExamConfigMasterTest Started
]]></system-out>
    <system-err><![CDATA[Starting ChromeDriver 2.37.544315 (730aa6a5fdba159ac9f4c1e8cbc59bf1b5ce12b7) on port 42341
Only local connections are allowed.
Jun 12, 2018 1:38:19 PM org.openqa.selenium.remote.ProtocolHandshake createSession
INFO: Detected dialect: OSS
]]></system-err>
  </testcase>
  <testcase name="ExamConfigMasterTest" classname="ExaminationAndResultModule.ExamConfigMaster" time="0">
    <skipped message="no such element: Unable to locate element: {&quot;method&quot;:&quot;xpath&quot;,&quot;selector&quot;:&quot;//*[@id=&apos;body&apos;]/div[2]/table/tbody/tr[1]/td/h1&quot;}&#10;  (Session info: chrome=66.0.3359.181)&#10;  (Driver info: chromedriver=2.37.544315 (730aa6a5fdba159ac9f4c1e8cbc59bf1b5ce12b7),platform=Windows NT 6.3.9600 x86) (WARNING: The server did not provide any stacktrace information)&#10;Command duration or timeout: 0 milliseconds&#10;For documentation on this error, please visit: http://seleniumhq.org/exceptions/no_such_element.html&#10;Build info: version: &apos;3.11.0&apos;, revision: &apos;e59cfb3&apos;, time: &apos;2018-03-11T20:26:55.152Z&apos;&#10;System info: host: &apos;ESLDELLV3&apos;, ip: &apos;192.168.10.121&apos;, os.name: &apos;Windows 8.1&apos;, os.arch: &apos;x86&apos;, os.version: &apos;6.3&apos;, java.version: &apos;1.8.0_05&apos;&#10;Driver info: org.openqa.selenium.chrome.ChromeDriver&#10;Capabilities {acceptInsecureCerts: false, acceptSslCerts: false, applicationCacheEnabled: false, browserConnectionEnabled: false, browserName: chrome, chrome: {chromedriverVersion: 2.37.544315 (730aa6a5fdba15..., userDataDir: C:\Users\AMITCH~1\AppData\L...}, cssSelectorsEnabled: true, databaseEnabled: false, handlesAlerts: true, hasTouchScreen: false, javascriptEnabled: true, locationContextEnabled: true, mobileEmulationEnabled: false, nativeEvents: true, networkConnectionEnabled: false, pageLoadStrategy: normal, platform: XP, platformName: XP, rotatable: false, setWindowRect: true, takesHeapSnapshot: true, takesScreenshot: true, unexpectedAlertBehaviour: , unhandledPromptBehavior: , version: 66.0.3359.181, webStorageEnabled: true}&#10;Session ID: 7f1387e27a6815f77ef9c10a6732d074&#10;*** Element info: {Using=xpath, value=//*[@id=&apos;body&apos;]/div[2]/table/tbody/tr[1]/td/h1}"/>
    <system-out><![CDATA[2018-06-12 13:38:23 INFO  Listner:93 - Test Case ExamConfigMasterTest Skipped
2018-06-12 13:38:24 INFO  ExamConfigMaster:95 - Driver session closed
2018-06-12 13:38:24 INFO  ExamConfigMaster:95 - Creating the object of : chrome
2018-06-12 13:38:26 INFO  ExamConfigMaster:95 - Navigating to the : http://52.172.14.165/JNVUIUMS
2018-06-12 13:38:28 INFO  Listner:93 - Test case ExamConfigMasterTest Started
2018-06-12 13:38:29 INFO  HomePage:39 - Clicked on IUMS Login link
2018-06-12 13:38:29 INFO  ExamConfigMaster:95 - Switched to new window
2018-06-12 13:38:30 INFO  LoginPage:43 - Entered userName is : erp@admin
2018-06-12 13:38:30 INFO  LoginPage:43 - Entered password is : Jnvu@)!^
2018-06-12 13:38:30 INFO  ExamConfigMaster:95 - User logged in to IUMS
2018-06-12 13:39:30 INFO  TestBase:41 - Retrying test ExamConfigMasterTest with status Failed for the 1 time(s)
]]></system-out>
    <system-err><![CDATA[Starting ChromeDriver 2.37.544315 (730aa6a5fdba159ac9f4c1e8cbc59bf1b5ce12b7) on port 15000
Only local connections are allowed.
Jun 12, 2018 1:38:26 PM org.openqa.selenium.remote.ProtocolHandshake createSession
INFO: Detected dialect: OSS
]]></system-err>
  </testcase>
  <testcase name="ExamConfigMasterTest" classname="ExaminationAndResultModule.ExamConfigMaster" time="4.223"/>
  <testcase name="ExamConfigMasterTest" classname="ExaminationAndResultModule.ExamConfigMaster" time="0">
    <skipped message="User Marked this test as no run"/>
    <system-out><![CDATA[2018-06-12 13:39:41 INFO  ExamConfigMaster:95 - Driver session closed
2018-06-12 13:39:41 INFO  ExamConfigMaster:95 - Creating the object of : chrome
2018-06-12 13:39:43 INFO  ExamConfigMaster:95 - Navigating to the : http://52.172.14.165/JNVUIUMS
2018-06-12 13:39:46 INFO  Listner:93 - Test case ExamConfigMasterTest Started
]]></system-out>
    <system-err><![CDATA[Starting ChromeDriver 2.37.544315 (730aa6a5fdba159ac9f4c1e8cbc59bf1b5ce12b7) on port 14113
Only local connections are allowed.
Jun 12, 2018 1:39:43 PM org.openqa.selenium.remote.ProtocolHandshake createSession
INFO: Detected dialect: OSS
]]></system-err>
  </testcase>
  <testcase name="ExamConfigMasterTest" classname="ExaminationAndResultModule.ExamConfigMaster" time="0">
    <skipped message="User Marked this test as no run"/>
    <system-out><![CDATA[2018-06-12 13:39:46 INFO  Listner:93 - Test Case ExamConfigMasterTest Skipped
2018-06-12 13:39:46 INFO  ExamConfigMaster:95 - Driver session closed
2018-06-12 13:39:46 INFO  ExamConfigMaster:95 - Creating the object of : chrome
2018-06-12 13:39:48 INFO  ExamConfigMaster:95 - Navigating to the : http://52.172.14.165/JNVUIUMS
2018-06-12 13:39:51 INFO  Listner:93 - Test case ExamConfigMasterTest Started
]]></system-out>
    <system-err><![CDATA[Starting ChromeDriver 2.37.544315 (730aa6a5fdba159ac9f4c1e8cbc59bf1b5ce12b7) on port 46102
Only local connections are allowed.
Jun 12, 2018 1:39:48 PM org.openqa.selenium.remote.ProtocolHandshake createSession
INFO: Detected dialect: OSS
]]></system-err>
  </testcase>
  <testcase name="ExamConfigMasterTest" classname="ExaminationAndResultModule.ExamConfigMaster" time="4.169"/>
  <testcase name="LoginWithMultipleUser" classname="signInAction.TC_Login" time="2.981"/>
  <testcase name="LoginWithMultipleUser" classname="signInAction.TC_Login" time="0">
    <skipped message="User Marked this test as no run"/>
    <system-out><![CDATA[2018-06-12 13:40:11 INFO  TC_Login:59 - Driver session closed
2018-06-12 13:40:11 INFO  TC_Login:59 - Creating the object of : chrome
2018-06-12 13:40:13 INFO  TC_Login:59 - Navigating to the : http://52.172.14.165/JNVUIUMS
2018-06-12 13:40:16 INFO  Listner:93 - Test case LoginWithMultipleUser Started
]]></system-out>
    <system-err><![CDATA[Starting ChromeDriver 2.37.544315 (730aa6a5fdba159ac9f4c1e8cbc59bf1b5ce12b7) on port 35412
Only local connections are allowed.
Jun 12, 2018 1:40:13 PM org.openqa.selenium.remote.ProtocolHandshake createSession
INFO: Detected dialect: OSS
]]></system-err>
  </testcase>
  <testcase name="LoginWithMultipleUser" classname="signInAction.TC_Login" time="3.25"/>
  <testcase name="LoginWithMultipleUser" classname="signInAction.TC_Login" time="0">
    <skipped message="User Marked this test as no run"/>
    <system-out><![CDATA[2018-06-12 13:40:26 INFO  TC_Login:59 - Driver session closed
2018-06-12 13:40:26 INFO  TC_Login:59 - Creating the object of : chrome
2018-06-12 13:40:28 INFO  TC_Login:59 - Navigating to the : http://52.172.14.165/JNVUIUMS
2018-06-12 13:40:31 INFO  Listner:93 - Test case LoginWithMultipleUser Started
]]></system-out>
    <system-err><![CDATA[Starting ChromeDriver 2.37.544315 (730aa6a5fdba159ac9f4c1e8cbc59bf1b5ce12b7) on port 34707
Only local connections are allowed.
Jun 12, 2018 1:40:28 PM org.openqa.selenium.remote.ProtocolHandshake createSession
INFO: Detected dialect: OSS
]]></system-err>
  </testcase>
  <testcase name="LoginWithMultipleUser" classname="signInAction.TC_Login" time="3.079"/>
</testsuite>