<?xml version="1.0" encoding="UTF-8"?>
<!-- Generated by org.testng.reporters.JUnitXMLReporter -->
<testsuite hostname="Amitexppc" ignored="2" name="Login test" tests="1" failures="0" timestamp="01 May 2018 06:48:23 GMT" time="21.107" errors="0">
  <testcase name="ExamConfigMasterTest" time="15.542" classname="signInAction.TC_Login"/>
  <testcase name="LoginWithMultipleUser" time="0.0" classname="signInAction.TC_Login">
    <ignored/>
  </testcase> <!-- LoginWithMultipleUser -->
  <testcase name="examinationResultSanityTest" time="0.0" classname="signInAction.TC_Login">
    <ignored/>
  </testcase> <!-- examinationResultSanityTest -->
</testsuite> <!-- Login test -->
