<?xml version="1.0" encoding="UTF-8"?>
<!-- Generated by org.testng.reporters.JUnitXMLReporter -->
<testsuite hostname="ESLDellV3" ignored="0" name="Login test chrome" tests="1" failures="1" timestamp="31 May 2018 12:43:37 GMT" time="7.326" errors="0">
  <testcase name="ExamConfigMasterTest" time="1.229" classname="ExaminationAndResultModule.ExamConfigMaster">
    <failure type="java.lang.AssertionError" message="The following asserts failed:
	expected [JNVU :: UNIVERSITY ADMIN LOGIN] but found [JNVU :: UNIVERSITY ADMIN LOGI]">
      <![CDATA[java.lang.AssertionError: The following asserts failed:expected [JNVU :: UNIVERSITY ADMIN LOGIN] but found [JNVU :: UNIVERSITY ADMIN LOGI]at ExaminationAndResultModule.ExamConfigMaster.ExamConfigMasterTest(ExamConfigMaster.java:60)... Removed 26 stack frames]]>
    </failure>
  </testcase> <!-- ExamConfigMasterTest -->
</testsuite> <!-- Login test chrome -->
