<?xml version="1.0" encoding="UTF-8"?>
<!-- Generated by org.testng.reporters.JUnitXMLReporter -->
<testsuite hostname="ESLDellV3" ignored="2" name="Login test Firefox" tests="1" failures="0" timestamp="07 May 2018 12:38:27 GMT" time="23.728" errors="0">
  <testcase name="ExamConfigMasterTest" time="16.462" classname="signInAction.TC_Login"/>
  <testcase name="LoginWithMultipleUser" time="0.0" classname="signInAction.TC_Login">
    <ignored/>
  </testcase> <!-- LoginWithMultipleUser -->
  <testcase name="examinationResultSanityTest" time="0.0" classname="signInAction.TC_Login">
    <ignored/>
  </testcase> <!-- examinationResultSanityTest -->
</testsuite> <!-- Login test Firefox -->
